2023-05-14 21:10:39 [SECAM] error: 영상 저장 실패
2023-05-14 21:10:43 [SECAM] error: 영상 저장 실패
2023-05-14 21:10:55 [SECAM] error: 영상 저장 실패
2023-05-14 21:10:56 [SECAM] error: 영상 저장 실패
2023-05-14 21:10:56 [SECAM] error: 영상 저장 실패
2023-05-14 21:10:57 [SECAM] error: 영상 저장 실패
2023-05-14 21:10:57 [SECAM] error: 영상 저장 실패
2023-05-14 21:10:57 [SECAM] error: 영상 저장 실패
2023-05-14 21:10:57 [SECAM] error: 영상 저장 실패
2023-05-14 21:10:57 [SECAM] error: 영상 저장 실패
2023-05-14 21:10:58 [SECAM] error: 영상 저장 실패
2023-05-14 21:10:58 [SECAM] error: 영상 저장 실패
2023-05-14 21:10:58 [SECAM] error: 영상 저장 실패
2023-05-14 21:10:58 [SECAM] error: 영상 저장 실패
2023-05-14 21:10:59 [SECAM] error: 영상 저장 실패
2023-05-14 21:10:59 [SECAM] error: 영상 저장 실패
2023-05-14 21:10:59 [SECAM] error: 영상 저장 실패
2023-05-14 21:11:00 [SECAM] error: 영상 저장 실패
2023-05-14 21:11:00 [SECAM] error: 영상 저장 실패
2023-05-14 21:11:00 [SECAM] error: 영상 저장 실패
2023-05-14 21:11:01 [SECAM] error: 영상 저장 실패
2023-05-14 21:11:02 [SECAM] error: 영상 저장 실패
2023-05-14 21:11:02 [SECAM] error: 영상 저장 실패
2023-05-14 21:11:03 [SECAM] error: 영상 저장 실패
2023-05-14 21:11:03 [SECAM] error: 영상 저장 실패
2023-05-14 21:11:03 [SECAM] error: 영상 저장 실패
2023-05-14 21:11:03 [SECAM] error: 영상 저장 실패
2023-05-14 21:11:03 [SECAM] error: 영상 저장 실패
2023-05-14 21:11:04 [SECAM] error: 영상 저장 실패
2023-05-14 21:11:04 [SECAM] error: 영상 저장 실패
2023-05-14 21:11:04 [SECAM] error: 영상 저장 실패
2023-05-14 21:11:05 [SECAM] error: 영상 저장 실패
2023-05-14 21:11:05 [SECAM] error: 영상 저장 실패
2023-05-14 21:11:05 [SECAM] error: 영상 저장 실패
2023-05-14 21:11:05 [SECAM] error: 영상 저장 실패
2023-05-14 21:11:05 [SECAM] error: 영상 저장 실패
2023-05-14 21:11:06 [SECAM] error: 영상 저장 실패
2023-05-14 21:11:09 [SECAM] error: 영상 저장 실패
2023-05-14 21:12:09 [SECAM] info: 영상 저장
2023-05-14 21:12:50 [SECAM] info: 영상 저장
2023-05-14 21:27:28 [SECAM] info: 영상 저장 시도
2023-05-14 21:32:15 [SECAM] info: 영상 저장 시도
2023-05-14 21:32:50 [SECAM] info: 영상 저장 시도
2023-05-14 21:33:59 [SECAM] info: 영상 저장 시도
2023-05-14 21:34:52 [SECAM] info: 영상 저장 시도
2023-05-14 21:35:26 [SECAM] info: 영상 저장 시도
2023-05-14 21:40:41 [SECAM] info: 클라이언트 연결
2023-05-14 21:41:48 [SECAM] info: 클라이언트 연결 끊김
2023-05-14 21:41:48 [SECAM] info: 클라이언트 연결
2023-05-14 21:47:02 [SECAM] info: 클라이언트 연결
2023-05-14 21:47:02 [SECAM] info: RTSP 연결 성공: rtsp://203.234.75.58:8554/mjpeg/1
2023-05-14 21:47:23 [SECAM] info: 클라이언트 연결
2023-05-14 21:47:23 [SECAM] info: RTSP 연결 성공: rtsp://203.234.75.58:8554/mjpeg/1
2023-05-14 21:48:40 [SECAM] info: 클라이언트 연결
2023-05-14 21:49:00 [SECAM] info: rtsp 데이터 수신 중
2023-05-14 21:49:00 [SECAM] info: rtsp 데이터 수신 중
2023-05-14 21:49:00 [SECAM] info: rtsp 데이터 수신 중
2023-05-14 21:49:00 [SECAM] info: rtsp 데이터 수신 중
2023-05-14 21:49:00 [SECAM] info: rtsp 데이터 수신 중
2023-05-14 21:49:00 [SECAM] info: rtsp 데이터 수신 중
2023-05-14 21:49:00 [SECAM] info: rtsp 데이터 수신 중
2023-05-14 21:49:00 [SECAM] info: rtsp 데이터 수신 중
2023-05-14 21:49:00 [SECAM] info: rtsp 데이터 수신 중
2023-05-14 21:49:00 [SECAM] info: rtsp 데이터 수신 중
2023-05-14 21:49:00 [SECAM] info: rtsp 데이터 수신 중
2023-05-14 21:49:00 [SECAM] info: rtsp 데이터 수신 중
2023-05-14 21:49:00 [SECAM] info: rtsp 데이터 수신 중
2023-05-14 21:49:00 [SECAM] info: rtsp 데이터 수신 중
2023-05-14 21:49:00 [SECAM] info: rtsp 데이터 수신 중
2023-05-14 21:49:00 [SECAM] info: rtsp 데이터 수신 중
2023-05-14 21:49:00 [SECAM] info: rtsp 데이터 수신 중
2023-05-14 21:49:00 [SECAM] info: rtsp 데이터 수신 중
2023-05-14 21:49:00 [SECAM] info: rtsp 데이터 수신 중
2023-05-14 21:49:00 [SECAM] info: rtsp 데이터 수신 중
2023-05-14 21:49:00 [SECAM] info: rtsp 데이터 수신 중
2023-05-14 21:49:00 [SECAM] info: rtsp 데이터 수신 중
2023-05-14 21:49:00 [SECAM] info: rtsp 데이터 수신 중
2023-05-14 21:49:00 [SECAM] info: rtsp 데이터 수신 중
2023-05-14 21:49:00 [SECAM] info: rtsp 데이터 수신 중
2023-05-14 21:49:00 [SECAM] info: rtsp 데이터 수신 중
2023-05-14 21:49:00 [SECAM] info: rtsp 데이터 수신 중
2023-05-14 21:49:00 [SECAM] info: rtsp 데이터 수신 중
2023-05-14 21:49:00 [SECAM] info: rtsp 데이터 수신 중
2023-05-14 21:49:01 [SECAM] info: rtsp 데이터 수신 중
2023-05-14 21:49:01 [SECAM] info: rtsp 데이터 수신 중
2023-05-14 21:49:01 [SECAM] info: rtsp 데이터 수신 중
2023-05-14 21:49:01 [SECAM] info: rtsp 데이터 수신 중
2023-05-14 21:49:01 [SECAM] info: rtsp 데이터 수신 중
2023-05-14 21:49:01 [SECAM] info: rtsp 데이터 수신 중
2023-05-14 21:49:02 [SECAM] info: rtsp 데이터 수신 중
2023-05-14 21:49:02 [SECAM] info: rtsp 데이터 수신 중
2023-05-14 21:49:02 [SECAM] info: rtsp 데이터 수신 중
2023-05-14 21:49:02 [SECAM] info: rtsp 데이터 수신 중
2023-05-14 21:49:02 [SECAM] info: rtsp 데이터 수신 중
2023-05-14 21:49:02 [SECAM] info: rtsp 데이터 수신 중
2023-05-14 21:49:02 [SECAM] info: rtsp 데이터 수신 중
2023-05-14 21:49:02 [SECAM] info: rtsp 데이터 수신 중
2023-05-14 21:49:02 [SECAM] info: rtsp 데이터 수신 중
2023-05-14 21:49:03 [SECAM] info: rtsp 데이터 수신 중
2023-05-14 21:49:03 [SECAM] info: rtsp 데이터 수신 중
2023-05-14 21:49:03 [SECAM] info: rtsp 데이터 수신 중
2023-05-14 21:49:03 [SECAM] info: rtsp 데이터 수신 중
2023-05-14 21:49:03 [SECAM] info: rtsp 데이터 수신 중
2023-05-14 21:49:03 [SECAM] info: rtsp 데이터 수신 중
2023-05-14 21:49:03 [SECAM] info: rtsp 데이터 수신 중
2023-05-14 21:49:04 [SECAM] info: rtsp 데이터 수신 중
2023-05-14 21:49:04 [SECAM] info: rtsp 데이터 수신 중
2023-05-14 21:49:04 [SECAM] info: rtsp 데이터 수신 중
2023-05-14 21:49:04 [SECAM] info: rtsp 데이터 수신 중
2023-05-14 21:49:04 [SECAM] info: rtsp 데이터 수신 중
2023-05-14 21:49:04 [SECAM] info: rtsp 데이터 수신 중
2023-05-14 21:49:04 [SECAM] info: rtsp 데이터 수신 중
2023-05-14 21:49:04 [SECAM] info: rtsp 데이터 수신 중
2023-05-14 21:49:04 [SECAM] info: rtsp 데이터 수신 중
2023-05-14 21:49:05 [SECAM] info: rtsp 데이터 수신 중
2023-05-14 21:49:05 [SECAM] info: rtsp 데이터 수신 중
2023-05-14 21:49:05 [SECAM] info: rtsp 데이터 수신 중
2023-05-14 21:49:05 [SECAM] info: rtsp 데이터 수신 중
2023-05-14 21:49:05 [SECAM] info: rtsp 데이터 수신 중
2023-05-14 21:49:05 [SECAM] info: rtsp 데이터 수신 중
2023-05-14 21:49:05 [SECAM] info: rtsp 데이터 수신 중
2023-05-14 21:49:06 [SECAM] info: rtsp 데이터 수신 중
2023-05-14 21:49:06 [SECAM] info: rtsp 데이터 수신 중
2023-05-14 21:49:06 [SECAM] info: rtsp 데이터 수신 중
2023-05-14 21:49:06 [SECAM] info: rtsp 데이터 수신 중
2023-05-14 21:49:06 [SECAM] info: rtsp 데이터 수신 중
2023-05-14 21:49:06 [SECAM] info: rtsp 데이터 수신 중
2023-05-14 21:49:06 [SECAM] info: rtsp 데이터 수신 중
2023-05-14 21:49:06 [SECAM] info: rtsp 데이터 수신 중
2023-05-14 21:49:07 [SECAM] info: rtsp 데이터 수신 중
2023-05-14 21:49:07 [SECAM] info: rtsp 데이터 수신 중
2023-05-14 21:49:07 [SECAM] info: rtsp 데이터 수신 중
2023-05-14 21:49:07 [SECAM] info: rtsp 데이터 수신 중
2023-05-14 21:49:07 [SECAM] info: rtsp 데이터 수신 중
2023-05-14 21:49:07 [SECAM] info: rtsp 데이터 수신 중
2023-05-14 21:52:22 [SECAM] info: 클라이언트 연결
2023-05-14 21:52:22 [SECAM] info: rtsp 연결 성공
2023-05-14 21:52:30 [SECAM] info: rtsp 데이터 수신 시작
2023-05-14 21:54:36 [SECAM] info: 클라이언트 연결 끊김
2023-05-14 21:54:36 [SECAM] info: 클라이언트 연결
2023-05-14 21:54:36 [SECAM] info: rtsp 연결 성공
2023-05-14 21:54:36 [SECAM] info: rtsp 연결 성공
2023-05-14 21:54:43 [SECAM] info: rtsp 데이터 수신 시작
2023-05-14 22:01:10 [SECAM] info: 클라이언트 연결
2023-05-14 22:01:10 [SECAM] info: rtsp 연결 성공
2023-05-14 22:01:17 [SECAM] info: rtsp 데이터 수신 시작
2023-05-14 22:09:20 [SECAM] info: 클라이언트 연결
2023-05-14 22:09:29 [SECAM] info: rtsp 데이터 수신 시작
2023-05-14 22:10:15 [SECAM] info: 클라이언트 연결
2023-05-14 22:10:17 [SECAM] info: 클라이언트 연결 끊김
2023-05-14 22:10:17 [SECAM] info: 클라이언트 연결
2023-05-14 22:10:25 [SECAM] info: rtsp 데이터 수신 시작
2023-05-14 22:10:38 [SECAM] info: 클라이언트 연결 끊김
2023-05-14 22:12:53 [SECAM] info: 클라이언트 연결
2023-05-14 22:13:36 [SECAM] info: 클라이언트 연결 끊김
2023-05-14 22:13:36 [SECAM] info: 클라이언트 연결
2023-05-14 22:13:43 [SECAM] info: rtsp 데이터 수신 시작
2023-05-14 22:13:56 [SECAM] info: 클라이언트 연결 끊김
2023-05-14 22:20:12 [SECAM] info: 클라이언트 연결
2023-05-14 22:20:19 [SECAM] info: rtsp 데이터 수신 시작
2023-05-14 22:20:50 [SECAM] info: 클라이언트 연결 끊김
2023-05-14 22:27:30 [SECAM] info: 클라이언트 연결
2023-05-14 22:27:37 [SECAM] info: rtsp 데이터 수신 시작
2023-05-14 22:27:49 [SECAM] info: 클라이언트 연결 끊김
2023-05-14 22:31:05 [SECAM] info: 클라이언트 연결
2023-05-14 22:31:15 [SECAM] info: rtsp 데이터 수신 시작
2023-05-14 22:31:31 [SECAM] info: 클라이언트 연결 끊김
2023-05-14 22:34:23 [SECAM] info: 클라이언트 연결
2023-05-14 22:34:29 [SECAM] info: rtsp 데이터 수신 시작
2023-05-14 22:34:44 [SECAM] info: 클라이언트 연결 끊김
2023-05-14 22:34:44 [SECAM] info: 클라이언트 연결
2023-05-14 22:39:07 [SECAM] info: 클라이언트 연결
2023-05-14 22:39:18 [SECAM] info: rtsp 데이터 수신 시작
2023-05-14 22:39:31 [SECAM] info: 클라이언트 연결 끊김
2023-05-14 22:39:51 [SECAM] info: 클라이언트 연결
2023-05-14 22:39:58 [SECAM] info: rtsp 데이터 수신 시작
2023-05-14 22:40:14 [SECAM] info: 클라이언트 연결 끊김
2023-05-14 22:41:23 [SECAM] info: 클라이언트 연결
2023-05-14 22:41:30 [SECAM] info: rtsp 데이터 수신 시작
2023-05-14 22:41:43 [SECAM] info: 클라이언트 연결 끊김
2023-05-14 22:41:43 [SECAM] info: 클라이언트 연결
2023-05-14 22:43:01 [SECAM] info: 클라이언트 연결
2023-05-14 22:43:32 [SECAM] info: 클라이언트 연결 끊김
2023-05-14 22:43:32 [SECAM] info: 클라이언트 연결
2023-05-14 22:43:57 [SECAM] info: 클라이언트 연결 끊김
2023-05-14 22:43:57 [SECAM] info: 클라이언트 연결
2023-05-14 22:44:42 [SECAM] info: 클라이언트 연결 끊김
2023-05-14 22:44:42 [SECAM] info: 클라이언트 연결
2023-05-14 22:49:45 [SECAM] info: 클라이언트 연결
2023-05-14 22:49:52 [SECAM] info: rtsp 데이터 수신 시작
2023-05-14 22:50:06 [SECAM] info: 클라이언트 연결 끊김
2023-05-14 23:00:08 [SECAM] info: 클라이언트 연결
2023-05-14 23:00:15 [SECAM] info: rtsp 데이터 수신 시작
2023-05-14 23:00:18 [SECAM] info: 영상 저장 시도
2023-05-14 23:00:35 [SECAM] info: 클라이언트 연결 끊김
2023-05-14 23:00:40 [SECAM] info: 클라이언트 연결
2023-05-14 23:00:48 [SECAM] info: rtsp 데이터 수신 시작
2023-05-14 23:02:48 [SECAM] info: 클라이언트 연결 끊김
2023-05-14 23:02:48 [SECAM] info: 클라이언트 연결
2023-05-14 23:03:10 [SECAM] info: rtsp 데이터 수신 시작
2023-05-14 23:03:22 [SECAM] info: 클라이언트 연결 끊김
2023-05-14 23:03:27 [SECAM] info: 클라이언트 연결
2023-05-14 23:03:34 [SECAM] info: rtsp 데이터 수신 시작
2023-05-14 23:03:39 [SECAM] info: 클라이언트 연결 끊김
2023-05-14 23:03:39 [SECAM] info: 클라이언트 연결
2023-05-14 23:03:42 [SECAM] info: 클라이언트 연결 끊김
2023-05-14 23:03:42 [SECAM] info: 클라이언트 연결
2023-05-14 23:03:56 [SECAM] info: rtsp 데이터 수신 시작
2023-05-14 23:20:54 [SECAM] info: 클라이언트 연결
2023-05-14 23:21:04 [SECAM] info: rtsp 데이터 수신 시작
2023-05-14 23:21:15 [SECAM] info: 클라이언트 연결 끊김
2023-05-14 23:21:20 [SECAM] info: 클라이언트 연결
2023-05-14 23:21:28 [SECAM] info: rtsp 데이터 수신 시작
2023-05-14 23:21:33 [SECAM] info: 클라이언트 연결 끊김
